<?xml version="1.0" encoding="UTF-8"?>
<!-- Generated by org.testng.reporters.JUnitReportReporter -->
<testsuite hostname="Sunitha" failures="0" tests="3" name="com.testscript.ProjectModule" time="0.009" errors="0" timestamp="2022-08-17T14:43:41 IST" skipped="0">
  <testcase classname="com.testscript.ProjectModule" name="ModifyProject" time="0.001"/>
  <system-out>
    <![CDATA[ModifyProject]]>
  </system-out>
  <testcase classname="com.testscript.ProjectModule" name="DeleteProject" time="0.001"/>
  <system-out>
    <![CDATA[DeleteProject]]>
  </system-out>
  <testcase classname="com.testscript.ProjectModule" name="CreateProject" time="0.007"/>
  <system-out>
    <![CDATA[CreateProject]]>
  </system-out>
</testsuite> <!-- com.testscript.ProjectModule -->
