<?xml version="1.0" encoding="UTF-8"?>
<!-- Generated by org.testng.reporters.JUnitReportReporter -->
<testsuite hostname="Sunitha" failures="0" tests="2" name="dataprovider.DataProvider1" time="0.005" errors="0" timestamp="2022-08-17T12:43:42 IST" skipped="0">
  <testcase classname="dataprovider.DataProvider1" name="executeScript" time="0.004"/>
  <system-out/>
  <testcase classname="dataprovider.DataProvider1" name="executeScript" time="0.001"/>
  <system-out/>
</testsuite> <!-- dataprovider.DataProvider1 -->
